<?xml version="1.0" encoding="UTF-8"?>
<!-- Generated by org.testng.reporters.JUnitReportReporter -->
<testsuite hostname="PHXJM8HP72" name="mailBotExecute.script.MyAccountCapability" tests="1" failures="0" timestamp="30 Jul 2017 01:12:46 GMT" time="32.240" errors="0">
  <testcase name="addFileFlow" time="32.240" classname="mailBotExecute.script.MyAccountCapability"/>
</testsuite> <!-- mailBotExecute.script.MyAccountCapability -->
